app/build/intermediates/manifest_merge_blame_file/debug/manifest-merger-blame-debug-report.txt
1<?xml version="1.0" encoding="utf-8"?>
2<manifest xmlns:android="http://schemas.android.com/apk/res/android"
3    package="com.example.mycolas"
4    android:versionCode="1"
5    android:versionName="1.0" >
6
7    <uses-sdk
8        android:minSdkVersion="22"
8-->src\main\AndroidManifest.xml
9        android:targetSdkVersion="29" />
9-->src\main\AndroidManifest.xml
10
11    <uses-permission android:name="android.permission.INTERNET" />
11-->src\main\AndroidManifest.xml:4:5-67
11-->src\main\AndroidManifest.xml:4:22-64
12    <uses-permission android:name="android.permission.ACCESS_NETWORK_STATE" />
12-->src\main\AndroidManifest.xml:5:5-79
12-->src\main\AndroidManifest.xml:5:22-76
13
14    <application
14-->src\main\AndroidManifest.xml:6:5-40:19
15        android:allowBackup="true"
15-->src\main\AndroidManifest.xml:7:9-35
16        android:appComponentFactory="androidx.core.app.CoreComponentFactory"
16-->[androidx.core:core:1.1.0] AndroidManifest.xml:24:18-86
17        android:debuggable="true"
18        android:fullBackupContent="true"
18-->src\main\AndroidManifest.xml:12:9-41
19        android:icon="@drawable/reloj"
19-->src\main\AndroidManifest.xml:8:9-39
20        android:label="@string/app_name"
20-->src\main\AndroidManifest.xml:9:9-41
21        android:roundIcon="@mipmap/ic_launcher_round"
21-->src\main\AndroidManifest.xml:10:9-54
22        android:supportsRtl="true"
22-->src\main\AndroidManifest.xml:11:9-35
23        android:testOnly="true"
24        android:theme="@style/AppTheme" >
24-->src\main\AndroidManifest.xml:13:9-40
25        <activity
25-->src\main\AndroidManifest.xml:15:9-21:20
26            android:name="com.example.mycolas.SplashScreenActivity"
26-->src\main\AndroidManifest.xml:15:19-55
27            android:theme="@style/SplashTheme" >
27-->src\main\AndroidManifest.xml:16:13-47
28            <intent-filter>
28-->src\main\AndroidManifest.xml:17:13-20:29
29                <category android:name="android.intent.category.LAUNCHER" />
29-->src\main\AndroidManifest.xml:18:17-76
29-->src\main\AndroidManifest.xml:18:27-74
30
31                <action android:name="android.intent.action.MAIN" />
31-->src\main\AndroidManifest.xml:19:17-69
31-->src\main\AndroidManifest.xml:19:25-66
32            </intent-filter>
33        </activity>
34        <activity android:name="com.example.mycolas.MainActivity" >
34-->src\main\AndroidManifest.xml:22:9-26:20
34-->src\main\AndroidManifest.xml:22:19-47
35            <intent-filter>
35-->src\main\AndroidManifest.xml:23:13-25:29
36                <action android:name="android.intent.action.MAIN" />
36-->src\main\AndroidManifest.xml:19:17-69
36-->src\main\AndroidManifest.xml:19:25-66
37            </intent-filter>
38        </activity>
39        <activity
39-->src\main\AndroidManifest.xml:27:9-32:20
40            android:name="com.example.mycolas.InsertActivity"
40-->src\main\AndroidManifest.xml:27:19-49
41            android:parentActivityName="com.example.mycolas.MainActivity" >
41-->src\main\AndroidManifest.xml:28:13-55
42            <intent-filter>
42-->src\main\AndroidManifest.xml:29:13-31:29
43                <action android:name="android.intent.action.VIEW" />
43-->src\main\AndroidManifest.xml:30:17-69
43-->src\main\AndroidManifest.xml:30:25-66
44            </intent-filter>
45        </activity>
46        <activity
46-->src\main\AndroidManifest.xml:33:9-39:20
47            android:name="com.example.mycolas.ScrollingActivity"
47-->src\main\AndroidManifest.xml:33:19-52
48            android:parentActivityName="com.example.mycolas.InsertActivity"
48-->src\main\AndroidManifest.xml:34:13-57
49            android:theme="@style/AppTheme.NoActionBar" >
49-->src\main\AndroidManifest.xml:35:13-56
50            <intent-filter>
50-->src\main\AndroidManifest.xml:23:13-25:29
51                <action android:name="android.intent.action.MAIN" />
51-->src\main\AndroidManifest.xml:19:17-69
51-->src\main\AndroidManifest.xml:19:25-66
52            </intent-filter>
53        </activity>
54    </application>
55
56</manifest>